<?xml version="1.0" encoding="UTF-8"?>
<!-- Generated by org.testng.reporters.JUnitReportReporter -->
<testsuite hostname="DESKTOP-Q9OPM1J" failures="0" tests="1" name="com.qa.testCases.TC002_GET_Single_Employee_Data" time="2.264" errors="0" timestamp="24 Jul 2019 18:12:41 GMT" skipped="0">
  <testcase classname="com.qa.testCases.TC002_GET_Single_Employee_Data" name="singleEmployeeData" time="2.264"/>
</testsuite> <!-- com.qa.testCases.TC002_GET_Single_Employee_Data -->
